0 info it worked if it ends with ok
1 verbose cli [ 'node', '/usr/local/bin/npm', 'install', '-g', 'bower' ]
2 info using npm@2.1.17
3 info using node@v0.10.35
4 verbose node symlink /usr/local/bin/node
5 silly cache add args [ 'bower', null ]
6 verbose cache add spec bower
7 silly cache add parsed spec { raw: 'bower',
7 silly cache add   scope: null,
7 silly cache add   name: 'bower',
7 silly cache add   rawSpec: '',
7 silly cache add   spec: '*',
7 silly cache add   type: 'range' }
8 verbose addNamed bower@*
9 silly addNamed semver.valid null
10 silly addNamed semver.validRange *
11 silly addNameRange { name: 'bower', range: '*', hasData: false }
12 silly mapToRegistry name bower
13 silly mapToRegistry using default registry
14 silly mapToRegistry registry https://registry.npmjs.org/
15 silly mapToRegistry uri https://registry.npmjs.org/bower
16 verbose addNameRange registry:https://registry.npmjs.org/bower not in flight; fetching
17 verbose request uri https://registry.npmjs.org/bower
18 verbose request no auth needed
19 info attempt registry request try #1 at 13:09:31
20 verbose request id 55767e99c24a8de6
21 verbose etag "4RNWC51OOMVEKH3L663N286TF"
22 http request GET https://registry.npmjs.org/bower
23 http 304 https://registry.npmjs.org/bower
24 silly get cb [ 304,
24 silly get   { date: 'Sat, 31 Jan 2015 18:09:31 GMT',
24 silly get     server: 'Apache',
24 silly get     via: '1.1 varnish',
24 silly get     'last-modified': 'Sat, 31 Jan 2015 18:09:31 GMT',
24 silly get     'cache-control': 'max-age=60',
24 silly get     etag: '"4RNWC51OOMVEKH3L663N286TF"',
24 silly get     age: '13',
24 silly get     'x-served-by': 'cache-iad2121-IAD',
24 silly get     'x-cache': 'HIT',
24 silly get     'x-cache-hits': '1',
24 silly get     'x-timer': 'S1422727771.916320,VS0,VE0',
24 silly get     vary: 'Accept',
24 silly get     'content-length': '0',
24 silly get     'keep-alive': 'timeout=10, max=50',
24 silly get     connection: 'Keep-Alive' } ]
25 verbose etag https://registry.npmjs.org/bower from cache
26 silly addNameRange number 2 { name: 'bower', range: '*', hasData: true }
27 silly addNameRange versions [ 'bower',
27 silly addNameRange   [ '0.1.0',
27 silly addNameRange     '0.1.2',
27 silly addNameRange     '0.1.3',
27 silly addNameRange     '0.2.0',
27 silly addNameRange     '0.3.0',
27 silly addNameRange     '0.3.1',
27 silly addNameRange     '0.3.2',
27 silly addNameRange     '0.4.0',
27 silly addNameRange     '0.5.0',
27 silly addNameRange     '0.5.1',
27 silly addNameRange     '0.6.0',
27 silly addNameRange     '0.6.1',
27 silly addNameRange     '0.6.2',
27 silly addNameRange     '0.6.3',
27 silly addNameRange     '0.6.4',
27 silly addNameRange     '0.6.5',
27 silly addNameRange     '0.6.6',
27 silly addNameRange     '0.6.7',
27 silly addNameRange     '0.6.8',
27 silly addNameRange     '0.7.0',
27 silly addNameRange     '0.7.1',
27 silly addNameRange     '0.8.0',
27 silly addNameRange     '0.8.1',
27 silly addNameRange     '0.8.2',
27 silly addNameRange     '0.8.3',
27 silly addNameRange     '0.8.4',
27 silly addNameRange     '0.8.5',
27 silly addNameRange     '0.8.6',
27 silly addNameRange     '0.9.0',
27 silly addNameRange     '0.9.1',
27 silly addNameRange     '0.9.2',
27 silly addNameRange     '0.10.0',
27 silly addNameRange     '1.0.0',
27 silly addNameRange     '1.0.1',
27 silly addNameRange     '1.0.2',
27 silly addNameRange     '1.0.3',
27 silly addNameRange     '1.1.0',
27 silly addNameRange     '1.1.1',
27 silly addNameRange     '1.1.2',
27 silly addNameRange     '1.2.0',
27 silly addNameRange     '1.2.1',
27 silly addNameRange     '1.2.2',
27 silly addNameRange     '1.2.3',
27 silly addNameRange     '1.2.4',
27 silly addNameRange     '1.2.5',
27 silly addNameRange     '1.2.6',
27 silly addNameRange     '1.2.7',
27 silly addNameRange     '1.2.8',
27 silly addNameRange     '1.3.0',
27 silly addNameRange     '1.3.1',
27 silly addNameRange     '1.3.2',
27 silly addNameRange     '1.3.3',
27 silly addNameRange     '1.3.4',
27 silly addNameRange     '1.3.5',
27 silly addNameRange     '1.3.6',
27 silly addNameRange     '1.3.7',
27 silly addNameRange     '1.3.8',
27 silly addNameRange     '1.3.9',
27 silly addNameRange     '1.3.10',
27 silly addNameRange     '1.3.11',
27 silly addNameRange     '1.3.12' ] ]
28 verbose addNamed bower@1.3.12
29 silly addNamed semver.valid 1.3.12
30 silly addNamed semver.validRange 1.3.12
31 silly cache afterAdd bower@1.3.12
32 verbose afterAdd /Users/dorthu/.npm/bower/1.3.12/package/package.json not in flight; writing
33 verbose afterAdd /Users/dorthu/.npm/bower/1.3.12/package/package.json written
34 silly install resolved [ { name: 'bower',
34 silly install resolved     version: '1.3.12',
34 silly install resolved     description: 'The browser package manager',
34 silly install resolved     author: { name: 'Twitter' },
34 silly install resolved     licenses: [ [Object] ],
34 silly install resolved     repository: { type: 'git', url: 'https://github.com/bower/bower' },
34 silly install resolved     main: 'lib',
34 silly install resolved     homepage: 'http://bower.io',
34 silly install resolved     engines: { node: '>=0.10.0' },
34 silly install resolved     dependencies:
34 silly install resolved      { abbrev: '~1.0.4',
34 silly install resolved        archy: '0.0.2',
34 silly install resolved        'bower-config': '~0.5.2',
34 silly install resolved        'bower-endpoint-parser': '~0.2.2',
34 silly install resolved        'bower-json': '~0.4.0',
34 silly install resolved        'bower-logger': '~0.2.2',
34 silly install resolved        'bower-registry-client': '~0.2.0',
34 silly install resolved        cardinal: '0.4.0',
34 silly install resolved        chalk: '0.5.0',
34 silly install resolved        chmodr: '0.1.0',
34 silly install resolved        'decompress-zip': '0.0.8',
34 silly install resolved        fstream: '~1.0.2',
34 silly install resolved        'fstream-ignore': '~1.0.1',
34 silly install resolved        glob: '~4.0.2',
34 silly install resolved        'graceful-fs': '~3.0.1',
34 silly install resolved        handlebars: '~2.0.0',
34 silly install resolved        inquirer: '0.7.1',
34 silly install resolved        insight: '0.4.3',
34 silly install resolved        'is-root': '~1.0.0',
34 silly install resolved        junk: '~1.0.0',
34 silly install resolved        lockfile: '~1.0.0',
34 silly install resolved        'lru-cache': '~2.5.0',
34 silly install resolved        mkdirp: '0.5.0',
34 silly install resolved        mout: '~0.9.0',
34 silly install resolved        nopt: '~3.0.0',
34 silly install resolved        opn: '~1.0.0',
34 silly install resolved        osenv: '0.1.0',
34 silly install resolved        'p-throttler': '0.1.0',
34 silly install resolved        promptly: '0.2.0',
34 silly install resolved        q: '~1.0.1',
34 silly install resolved        request: '~2.42.0',
34 silly install resolved        'request-progress': '0.3.0',
34 silly install resolved        retry: '0.6.0',
34 silly install resolved        rimraf: '~2.2.0',
34 silly install resolved        semver: '~2.3.0',
34 silly install resolved        'shell-quote': '~1.4.1',
34 silly install resolved        'stringify-object': '~1.0.0',
34 silly install resolved        'tar-fs': '0.5.2',
34 silly install resolved        tmp: '0.0.23',
34 silly install resolved        'update-notifier': '0.2.0',
34 silly install resolved        which: '~1.0.5' },
34 silly install resolved     devDependencies:
34 silly install resolved      { coveralls: '~2.11.0',
34 silly install resolved        'expect.js': '~0.3.1',
34 silly install resolved        grunt: '~0.4.4',
34 silly install resolved        'grunt-cli': '^0.1.13',
34 silly install resolved        'grunt-contrib-jshint': '~0.10.0',
34 silly install resolved        'grunt-contrib-watch': '~0.6.1',
34 silly install resolved        'grunt-exec': '~0.4.2',
34 silly install resolved        'grunt-simple-mocha': '~0.4.0',
34 silly install resolved        istanbul: '~0.3.2',
34 silly install resolved        'load-grunt-tasks': '~0.6.0',
34 silly install resolved        mocha: '~1.21.4',
34 silly install resolved        nock: '~0.46.0',
34 silly install resolved        'node-uuid': '~1.4.1',
34 silly install resolved        proxyquire: '~1.0.1' },
34 silly install resolved     scripts: { test: 'grunt test' },
34 silly install resolved     bin: { bower: 'bin/bower' },
34 silly install resolved     preferGlobal: true,
34 silly install resolved     gitHead: 'b26c072f0db054a1902ec4d2e3726dbf8a1c799a',
34 silly install resolved     bugs: { url: 'https://github.com/bower/bower/issues' },
34 silly install resolved     _id: 'bower@1.3.12',
34 silly install resolved     _shasum: '37de0edb3904baf90aee13384a1a379a05ee214c',
34 silly install resolved     _from: 'bower@*',
34 silly install resolved     _npmVersion: '2.0.0',
34 silly install resolved     _npmUser: { name: 'sheerun', email: 'sheerun@sher.pl' },
34 silly install resolved     maintainers: [ [Object], [Object], [Object], [Object], [Object], [Object] ],
34 silly install resolved     dist:
34 silly install resolved      { shasum: '37de0edb3904baf90aee13384a1a379a05ee214c',
34 silly install resolved        tarball: 'http://registry.npmjs.org/bower/-/bower-1.3.12.tgz' },
34 silly install resolved     directories: {},
34 silly install resolved     _resolved: 'https://registry.npmjs.org/bower/-/bower-1.3.12.tgz',
34 silly install resolved     readme: 'ERROR: No README data found!' } ]
35 info install bower@1.3.12 into /usr/local/lib
36 info installOne bower@1.3.12
37 verbose installOne of bower to /usr/local/lib not in flight; installing
38 verbose lock using /Users/dorthu/.npm/_locks/bower-e8debc5417026b57.lock for /usr/local/lib/node_modules/bower
39 silly install write writing bower 1.3.12 to /usr/local/lib/node_modules/bower
40 silly cache addNamed cb bower@1.3.12
41 verbose unbuild lib/node_modules/bower
42 verbose gentlyRm vacuuming /usr/local/lib/node_modules/bower
43 verbose tar unpack /Users/dorthu/.npm/bower/1.3.12/package.tgz
44 verbose tar unpacking to /usr/local/lib/node_modules/bower
45 verbose gentlyRm vacuuming /usr/local/lib/node_modules/bower
46 silly gunzTarPerm modes [ '755', '644' ]
47 error tar.unpack untar error /Users/dorthu/.npm/bower/1.3.12/package.tgz
48 verbose unlock done using /Users/dorthu/.npm/_locks/bower-e8debc5417026b57.lock for /usr/local/lib/node_modules/bower
49 verbose fstream_path /usr/local/lib/node_modules/bower
50 verbose fstream_type Directory
51 verbose fstream_class DirWriter
52 verbose stack Error: EACCES, mkdir '/usr/local/lib/node_modules/bower'
53 verbose fstream_stack /usr/local/lib/node_modules/npm/node_modules/fstream/lib/dir-writer.js:36:23
53 verbose fstream_stack /usr/local/lib/node_modules/npm/node_modules/mkdirp/index.js:46:53
53 verbose fstream_stack Object.oncomplete (fs.js:108:15)
54 verbose cwd /Users/dorthu/WebstormProjects/SimpleRESTClient
55 error Darwin 14.0.0
56 error argv "node" "/usr/local/bin/npm" "install" "-g" "bower"
57 error node v0.10.35
58 error npm  v2.1.17
59 error path /usr/local/lib/node_modules/bower
60 error code EACCES
61 error errno 3
62 error Error: EACCES, mkdir '/usr/local/lib/node_modules/bower'
62 error  { [Error: EACCES, mkdir '/usr/local/lib/node_modules/bower']
62 error   errno: 3,
62 error   code: 'EACCES',
62 error   path: '/usr/local/lib/node_modules/bower',
62 error   fstream_type: 'Directory',
62 error   fstream_path: '/usr/local/lib/node_modules/bower',
62 error   fstream_class: 'DirWriter',
62 error   fstream_stack:
62 error    [ '/usr/local/lib/node_modules/npm/node_modules/fstream/lib/dir-writer.js:36:23',
62 error      '/usr/local/lib/node_modules/npm/node_modules/mkdirp/index.js:46:53',
62 error      'Object.oncomplete (fs.js:108:15)' ] }
63 error Please try running this command again as root/Administrator.
64 verbose exit [ 3, true ]
65 verbose unbuild lib/node_modules/bower
66 verbose gentlyRm vacuuming /usr/local/lib/node_modules/bower
